<?xml version="1.0" encoding="UTF-8"?>
<coverage generated="1681921346740" clover="3.2.0">
  <project timestamp="1681921346740" name="All files">
    <metrics statements="9" coveredstatements="9" conditionals="0" coveredconditionals="0" methods="3" coveredmethods="3" elements="12" coveredelements="12" complexity="0" loc="9" ncloc="9" packages="1" files="2" classes="2"/>
    <file name="app.controller.ts" path="/home/runner/work/events_manager/events_manager/apps/api/src/app/app.controller.ts">
      <metrics statements="6" coveredstatements="6" conditionals="0" coveredconditionals="0" methods="2" coveredmethods="2"/>
      <line num="1" count="1" type="stmt"/>
      <line num="3" count="1" type="stmt"/>
      <line num="6" count="1" type="stmt"/>
      <line num="7" count="1" type="stmt"/>
      <line num="9" count="1" type="stmt"/>
      <line num="11" count="1" type="stmt"/>
    </file>
    <file name="app.service.ts" path="/home/runner/work/events_manager/events_manager/apps/api/src/app/app.service.ts">
      <metrics statements="3" coveredstatements="3" conditionals="0" coveredconditionals="0" methods="1" coveredmethods="1"/>
      <line num="1" count="2" type="stmt"/>
      <line num="4" count="2" type="stmt"/>
      <line num="6" count="2" type="stmt"/>
    </file>
  </project>
</coverage>
