<?xml version="1.0" encoding="UTF-8"?>
<coverage generated="1681921351663" clover="3.2.0">
  <project timestamp="1681921351663" name="All files">
    <metrics statements="893" coveredstatements="885" conditionals="2" coveredconditionals="2" methods="7" coveredmethods="2" elements="902" coveredelements="889" complexity="0" loc="893" ncloc="893" packages="1" files="2" classes="2"/>
    <file name="app.tsx" path="/home/runner/work/events_manager/events_manager/apps/web/src/app/app.tsx">
      <metrics statements="73" coveredstatements="66" conditionals="1" coveredconditionals="1" methods="5" coveredmethods="1"/>
      <line num="1" count="1" type="stmt"/>
      <line num="2" count="1" type="stmt"/>
      <line num="3" count="1" type="stmt"/>
      <line num="4" count="1" type="stmt"/>
      <line num="5" count="1" type="stmt"/>
      <line num="6" count="1" type="cond" truecount="1" falsecount="0"/>
      <line num="7" count="2" type="stmt"/>
      <line num="8" count="2" type="stmt"/>
      <line num="9" count="2" type="stmt"/>
      <line num="10" count="0" type="stmt"/>
      <line num="11" count="0" type="stmt"/>
      <line num="12" count="0" type="stmt"/>
      <line num="13" count="2" type="stmt"/>
      <line num="14" count="2" type="stmt"/>
      <line num="15" count="0" type="stmt"/>
      <line num="16" count="0" type="stmt"/>
      <line num="17" count="0" type="stmt"/>
      <line num="18" count="2" type="stmt"/>
      <line num="19" count="2" type="stmt"/>
      <line num="20" count="2" type="stmt"/>
      <line num="21" count="2" type="stmt"/>
      <line num="22" count="2" type="stmt"/>
      <line num="23" count="2" type="stmt"/>
      <line num="24" count="2" type="stmt"/>
      <line num="25" count="2" type="stmt"/>
      <line num="26" count="2" type="stmt"/>
      <line num="27" count="2" type="stmt"/>
      <line num="28" count="2" type="stmt"/>
      <line num="29" count="2" type="stmt"/>
      <line num="30" count="2" type="stmt"/>
      <line num="31" count="2" type="stmt"/>
      <line num="32" count="2" type="stmt"/>
      <line num="33" count="2" type="stmt"/>
      <line num="34" count="2" type="stmt"/>
      <line num="35" count="2" type="stmt"/>
      <line num="36" count="2" type="stmt"/>
      <line num="37" count="2" type="stmt"/>
      <line num="38" count="2" type="stmt"/>
      <line num="39" count="2" type="stmt"/>
      <line num="40" count="2" type="stmt"/>
      <line num="41" count="2" type="stmt"/>
      <line num="42" count="2" type="stmt"/>
      <line num="43" count="2" type="stmt"/>
      <line num="44" count="2" type="stmt"/>
      <line num="45" count="2" type="stmt"/>
      <line num="46" count="2" type="stmt"/>
      <line num="47" count="2" type="stmt"/>
      <line num="48" count="2" type="stmt"/>
      <line num="49" count="2" type="stmt"/>
      <line num="50" count="2" type="stmt"/>
      <line num="51" count="2" type="stmt"/>
      <line num="52" count="2" type="stmt"/>
      <line num="53" count="2" type="stmt"/>
      <line num="54" count="2" type="stmt"/>
      <line num="55" count="2" type="stmt"/>
      <line num="56" count="2" type="stmt"/>
      <line num="57" count="2" type="stmt"/>
      <line num="58" count="2" type="stmt"/>
      <line num="59" count="2" type="stmt"/>
      <line num="60" count="2" type="stmt"/>
      <line num="61" count="2" type="stmt"/>
      <line num="62" count="2" type="stmt"/>
      <line num="63" count="2" type="stmt"/>
      <line num="64" count="2" type="stmt"/>
      <line num="65" count="2" type="stmt"/>
      <line num="66" count="2" type="stmt"/>
      <line num="67" count="2" type="stmt"/>
      <line num="68" count="2" type="stmt"/>
      <line num="69" count="2" type="stmt"/>
      <line num="70" count="2" type="stmt"/>
      <line num="71" count="0" type="stmt"/>
      <line num="72" count="1" type="stmt"/>
      <line num="73" count="1" type="stmt"/>
    </file>
    <file name="nx-welcome.tsx" path="/home/runner/work/events_manager/events_manager/apps/web/src/app/nx-welcome.tsx">
      <metrics statements="820" coveredstatements="819" conditionals="1" coveredconditionals="1" methods="2" coveredmethods="1"/>
      <line num="1" count="1" type="stmt"/>
      <line num="2" count="1" type="stmt"/>
      <line num="3" count="1" type="stmt"/>
      <line num="4" count="1" type="stmt"/>
      <line num="5" count="1" type="stmt"/>
      <line num="6" count="1" type="stmt"/>
      <line num="7" count="1" type="stmt"/>
      <line num="8" count="1" type="cond" truecount="1" falsecount="0"/>
      <line num="9" count="2" type="stmt"/>
      <line num="10" count="2" type="stmt"/>
      <line num="11" count="2" type="stmt"/>
      <line num="12" count="2" type="stmt"/>
      <line num="13" count="2" type="stmt"/>
      <line num="14" count="2" type="stmt"/>
      <line num="15" count="2" type="stmt"/>
      <line num="16" count="2" type="stmt"/>
      <line num="17" count="2" type="stmt"/>
      <line num="18" count="2" type="stmt"/>
      <line num="19" count="2" type="stmt"/>
      <line num="20" count="2" type="stmt"/>
      <line num="21" count="2" type="stmt"/>
      <line num="22" count="2" type="stmt"/>
      <line num="23" count="2" type="stmt"/>
      <line num="24" count="2" type="stmt"/>
      <line num="25" count="2" type="stmt"/>
      <line num="26" count="2" type="stmt"/>
      <line num="27" count="2" type="stmt"/>
      <line num="28" count="2" type="stmt"/>
      <line num="29" count="2" type="stmt"/>
      <line num="30" count="2" type="stmt"/>
      <line num="31" count="2" type="stmt"/>
      <line num="32" count="2" type="stmt"/>
      <line num="33" count="2" type="stmt"/>
      <line num="34" count="2" type="stmt"/>
      <line num="35" count="2" type="stmt"/>
      <line num="36" count="2" type="stmt"/>
      <line num="37" count="2" type="stmt"/>
      <line num="38" count="2" type="stmt"/>
      <line num="39" count="2" type="stmt"/>
      <line num="40" count="2" type="stmt"/>
      <line num="41" count="2" type="stmt"/>
      <line num="42" count="2" type="stmt"/>
      <line num="43" count="2" type="stmt"/>
      <line num="44" count="2" type="stmt"/>
      <line num="45" count="2" type="stmt"/>
      <line num="46" count="2" type="stmt"/>
      <line num="47" count="2" type="stmt"/>
      <line num="48" count="2" type="stmt"/>
      <line num="49" count="2" type="stmt"/>
      <line num="50" count="2" type="stmt"/>
      <line num="51" count="2" type="stmt"/>
      <line num="52" count="2" type="stmt"/>
      <line num="53" count="2" type="stmt"/>
      <line num="54" count="2" type="stmt"/>
      <line num="55" count="2" type="stmt"/>
      <line num="56" count="2" type="stmt"/>
      <line num="57" count="2" type="stmt"/>
      <line num="58" count="2" type="stmt"/>
      <line num="59" count="2" type="stmt"/>
      <line num="60" count="2" type="stmt"/>
      <line num="61" count="2" type="stmt"/>
      <line num="62" count="2" type="stmt"/>
      <line num="63" count="2" type="stmt"/>
      <line num="64" count="2" type="stmt"/>
      <line num="65" count="2" type="stmt"/>
      <line num="66" count="2" type="stmt"/>
      <line num="67" count="2" type="stmt"/>
      <line num="68" count="2" type="stmt"/>
      <line num="69" count="2" type="stmt"/>
      <line num="70" count="2" type="stmt"/>
      <line num="71" count="2" type="stmt"/>
      <line num="72" count="2" type="stmt"/>
      <line num="73" count="2" type="stmt"/>
      <line num="74" count="2" type="stmt"/>
      <line num="75" count="2" type="stmt"/>
      <line num="76" count="2" type="stmt"/>
      <line num="77" count="2" type="stmt"/>
      <line num="78" count="2" type="stmt"/>
      <line num="79" count="2" type="stmt"/>
      <line num="80" count="2" type="stmt"/>
      <line num="81" count="2" type="stmt"/>
      <line num="82" count="2" type="stmt"/>
      <line num="83" count="2" type="stmt"/>
      <line num="84" count="2" type="stmt"/>
      <line num="85" count="2" type="stmt"/>
      <line num="86" count="2" type="stmt"/>
      <line num="87" count="2" type="stmt"/>
      <line num="88" count="2" type="stmt"/>
      <line num="89" count="2" type="stmt"/>
      <line num="90" count="2" type="stmt"/>
      <line num="91" count="2" type="stmt"/>
      <line num="92" count="2" type="stmt"/>
      <line num="93" count="2" type="stmt"/>
      <line num="94" count="2" type="stmt"/>
      <line num="95" count="2" type="stmt"/>
      <line num="96" count="2" type="stmt"/>
      <line num="97" count="2" type="stmt"/>
      <line num="98" count="2" type="stmt"/>
      <line num="99" count="2" type="stmt"/>
      <line num="100" count="2" type="stmt"/>
      <line num="101" count="2" type="stmt"/>
      <line num="102" count="2" type="stmt"/>
      <line num="103" count="2" type="stmt"/>
      <line num="104" count="2" type="stmt"/>
      <line num="105" count="2" type="stmt"/>
      <line num="106" count="2" type="stmt"/>
      <line num="107" count="2" type="stmt"/>
      <line num="108" count="2" type="stmt"/>
      <line num="109" count="2" type="stmt"/>
      <line num="110" count="2" type="stmt"/>
      <line num="111" count="2" type="stmt"/>
      <line num="112" count="2" type="stmt"/>
      <line num="113" count="2" type="stmt"/>
      <line num="114" count="2" type="stmt"/>
      <line num="115" count="2" type="stmt"/>
      <line num="116" count="2" type="stmt"/>
      <line num="117" count="2" type="stmt"/>
      <line num="118" count="2" type="stmt"/>
      <line num="119" count="2" type="stmt"/>
      <line num="120" count="2" type="stmt"/>
      <line num="121" count="2" type="stmt"/>
      <line num="122" count="2" type="stmt"/>
      <line num="123" count="2" type="stmt"/>
      <line num="124" count="2" type="stmt"/>
      <line num="125" count="2" type="stmt"/>
      <line num="126" count="2" type="stmt"/>
      <line num="127" count="2" type="stmt"/>
      <line num="128" count="2" type="stmt"/>
      <line num="129" count="2" type="stmt"/>
      <line num="130" count="2" type="stmt"/>
      <line num="131" count="2" type="stmt"/>
      <line num="132" count="2" type="stmt"/>
      <line num="133" count="2" type="stmt"/>
      <line num="134" count="2" type="stmt"/>
      <line num="135" count="2" type="stmt"/>
      <line num="136" count="2" type="stmt"/>
      <line num="137" count="2" type="stmt"/>
      <line num="138" count="2" type="stmt"/>
      <line num="139" count="2" type="stmt"/>
      <line num="140" count="2" type="stmt"/>
      <line num="141" count="2" type="stmt"/>
      <line num="142" count="2" type="stmt"/>
      <line num="143" count="2" type="stmt"/>
      <line num="144" count="2" type="stmt"/>
      <line num="145" count="2" type="stmt"/>
      <line num="146" count="2" type="stmt"/>
      <line num="147" count="2" type="stmt"/>
      <line num="148" count="2" type="stmt"/>
      <line num="149" count="2" type="stmt"/>
      <line num="150" count="2" type="stmt"/>
      <line num="151" count="2" type="stmt"/>
      <line num="152" count="2" type="stmt"/>
      <line num="153" count="2" type="stmt"/>
      <line num="154" count="2" type="stmt"/>
      <line num="155" count="2" type="stmt"/>
      <line num="156" count="2" type="stmt"/>
      <line num="157" count="2" type="stmt"/>
      <line num="158" count="2" type="stmt"/>
      <line num="159" count="2" type="stmt"/>
      <line num="160" count="2" type="stmt"/>
      <line num="161" count="2" type="stmt"/>
      <line num="162" count="2" type="stmt"/>
      <line num="163" count="2" type="stmt"/>
      <line num="164" count="2" type="stmt"/>
      <line num="165" count="2" type="stmt"/>
      <line num="166" count="2" type="stmt"/>
      <line num="167" count="2" type="stmt"/>
      <line num="168" count="2" type="stmt"/>
      <line num="169" count="2" type="stmt"/>
      <line num="170" count="2" type="stmt"/>
      <line num="171" count="2" type="stmt"/>
      <line num="172" count="2" type="stmt"/>
      <line num="173" count="2" type="stmt"/>
      <line num="174" count="2" type="stmt"/>
      <line num="175" count="2" type="stmt"/>
      <line num="176" count="2" type="stmt"/>
      <line num="177" count="2" type="stmt"/>
      <line num="178" count="2" type="stmt"/>
      <line num="179" count="2" type="stmt"/>
      <line num="180" count="2" type="stmt"/>
      <line num="181" count="2" type="stmt"/>
      <line num="182" count="2" type="stmt"/>
      <line num="183" count="2" type="stmt"/>
      <line num="184" count="2" type="stmt"/>
      <line num="185" count="2" type="stmt"/>
      <line num="186" count="2" type="stmt"/>
      <line num="187" count="2" type="stmt"/>
      <line num="188" count="2" type="stmt"/>
      <line num="189" count="2" type="stmt"/>
      <line num="190" count="2" type="stmt"/>
      <line num="191" count="2" type="stmt"/>
      <line num="192" count="2" type="stmt"/>
      <line num="193" count="2" type="stmt"/>
      <line num="194" count="2" type="stmt"/>
      <line num="195" count="2" type="stmt"/>
      <line num="196" count="2" type="stmt"/>
      <line num="197" count="2" type="stmt"/>
      <line num="198" count="2" type="stmt"/>
      <line num="199" count="2" type="stmt"/>
      <line num="200" count="2" type="stmt"/>
      <line num="201" count="2" type="stmt"/>
      <line num="202" count="2" type="stmt"/>
      <line num="203" count="2" type="stmt"/>
      <line num="204" count="2" type="stmt"/>
      <line num="205" count="2" type="stmt"/>
      <line num="206" count="2" type="stmt"/>
      <line num="207" count="2" type="stmt"/>
      <line num="208" count="2" type="stmt"/>
      <line num="209" count="2" type="stmt"/>
      <line num="210" count="2" type="stmt"/>
      <line num="211" count="2" type="stmt"/>
      <line num="212" count="2" type="stmt"/>
      <line num="213" count="2" type="stmt"/>
      <line num="214" count="2" type="stmt"/>
      <line num="215" count="2" type="stmt"/>
      <line num="216" count="2" type="stmt"/>
      <line num="217" count="2" type="stmt"/>
      <line num="218" count="2" type="stmt"/>
      <line num="219" count="2" type="stmt"/>
      <line num="220" count="2" type="stmt"/>
      <line num="221" count="2" type="stmt"/>
      <line num="222" count="2" type="stmt"/>
      <line num="223" count="2" type="stmt"/>
      <line num="224" count="2" type="stmt"/>
      <line num="225" count="2" type="stmt"/>
      <line num="226" count="2" type="stmt"/>
      <line num="227" count="2" type="stmt"/>
      <line num="228" count="2" type="stmt"/>
      <line num="229" count="2" type="stmt"/>
      <line num="230" count="2" type="stmt"/>
      <line num="231" count="2" type="stmt"/>
      <line num="232" count="2" type="stmt"/>
      <line num="233" count="2" type="stmt"/>
      <line num="234" count="2" type="stmt"/>
      <line num="235" count="2" type="stmt"/>
      <line num="236" count="2" type="stmt"/>
      <line num="237" count="2" type="stmt"/>
      <line num="238" count="2" type="stmt"/>
      <line num="239" count="2" type="stmt"/>
      <line num="240" count="2" type="stmt"/>
      <line num="241" count="2" type="stmt"/>
      <line num="242" count="2" type="stmt"/>
      <line num="243" count="2" type="stmt"/>
      <line num="244" count="2" type="stmt"/>
      <line num="245" count="2" type="stmt"/>
      <line num="246" count="2" type="stmt"/>
      <line num="247" count="2" type="stmt"/>
      <line num="248" count="2" type="stmt"/>
      <line num="249" count="2" type="stmt"/>
      <line num="250" count="2" type="stmt"/>
      <line num="251" count="2" type="stmt"/>
      <line num="252" count="2" type="stmt"/>
      <line num="253" count="2" type="stmt"/>
      <line num="254" count="2" type="stmt"/>
      <line num="255" count="2" type="stmt"/>
      <line num="256" count="2" type="stmt"/>
      <line num="257" count="2" type="stmt"/>
      <line num="258" count="2" type="stmt"/>
      <line num="259" count="2" type="stmt"/>
      <line num="260" count="2" type="stmt"/>
      <line num="261" count="2" type="stmt"/>
      <line num="262" count="2" type="stmt"/>
      <line num="263" count="2" type="stmt"/>
      <line num="264" count="2" type="stmt"/>
      <line num="265" count="2" type="stmt"/>
      <line num="266" count="2" type="stmt"/>
      <line num="267" count="2" type="stmt"/>
      <line num="268" count="2" type="stmt"/>
      <line num="269" count="2" type="stmt"/>
      <line num="270" count="2" type="stmt"/>
      <line num="271" count="2" type="stmt"/>
      <line num="272" count="2" type="stmt"/>
      <line num="273" count="2" type="stmt"/>
      <line num="274" count="2" type="stmt"/>
      <line num="275" count="2" type="stmt"/>
      <line num="276" count="2" type="stmt"/>
      <line num="277" count="2" type="stmt"/>
      <line num="278" count="2" type="stmt"/>
      <line num="279" count="2" type="stmt"/>
      <line num="280" count="2" type="stmt"/>
      <line num="281" count="2" type="stmt"/>
      <line num="282" count="2" type="stmt"/>
      <line num="283" count="2" type="stmt"/>
      <line num="284" count="2" type="stmt"/>
      <line num="285" count="2" type="stmt"/>
      <line num="286" count="2" type="stmt"/>
      <line num="287" count="2" type="stmt"/>
      <line num="288" count="2" type="stmt"/>
      <line num="289" count="2" type="stmt"/>
      <line num="290" count="2" type="stmt"/>
      <line num="291" count="2" type="stmt"/>
      <line num="292" count="2" type="stmt"/>
      <line num="293" count="2" type="stmt"/>
      <line num="294" count="2" type="stmt"/>
      <line num="295" count="2" type="stmt"/>
      <line num="296" count="2" type="stmt"/>
      <line num="297" count="2" type="stmt"/>
      <line num="298" count="2" type="stmt"/>
      <line num="299" count="2" type="stmt"/>
      <line num="300" count="2" type="stmt"/>
      <line num="301" count="2" type="stmt"/>
      <line num="302" count="2" type="stmt"/>
      <line num="303" count="2" type="stmt"/>
      <line num="304" count="2" type="stmt"/>
      <line num="305" count="2" type="stmt"/>
      <line num="306" count="2" type="stmt"/>
      <line num="307" count="2" type="stmt"/>
      <line num="308" count="2" type="stmt"/>
      <line num="309" count="2" type="stmt"/>
      <line num="310" count="2" type="stmt"/>
      <line num="311" count="2" type="stmt"/>
      <line num="312" count="2" type="stmt"/>
      <line num="313" count="2" type="stmt"/>
      <line num="314" count="2" type="stmt"/>
      <line num="315" count="2" type="stmt"/>
      <line num="316" count="2" type="stmt"/>
      <line num="317" count="2" type="stmt"/>
      <line num="318" count="2" type="stmt"/>
      <line num="319" count="2" type="stmt"/>
      <line num="320" count="2" type="stmt"/>
      <line num="321" count="2" type="stmt"/>
      <line num="322" count="2" type="stmt"/>
      <line num="323" count="2" type="stmt"/>
      <line num="324" count="2" type="stmt"/>
      <line num="325" count="2" type="stmt"/>
      <line num="326" count="2" type="stmt"/>
      <line num="327" count="2" type="stmt"/>
      <line num="328" count="2" type="stmt"/>
      <line num="329" count="2" type="stmt"/>
      <line num="330" count="2" type="stmt"/>
      <line num="331" count="2" type="stmt"/>
      <line num="332" count="2" type="stmt"/>
      <line num="333" count="2" type="stmt"/>
      <line num="334" count="2" type="stmt"/>
      <line num="335" count="2" type="stmt"/>
      <line num="336" count="2" type="stmt"/>
      <line num="337" count="2" type="stmt"/>
      <line num="338" count="2" type="stmt"/>
      <line num="339" count="2" type="stmt"/>
      <line num="340" count="2" type="stmt"/>
      <line num="341" count="2" type="stmt"/>
      <line num="342" count="2" type="stmt"/>
      <line num="343" count="2" type="stmt"/>
      <line num="344" count="2" type="stmt"/>
      <line num="345" count="2" type="stmt"/>
      <line num="346" count="2" type="stmt"/>
      <line num="347" count="2" type="stmt"/>
      <line num="348" count="2" type="stmt"/>
      <line num="349" count="2" type="stmt"/>
      <line num="350" count="2" type="stmt"/>
      <line num="351" count="2" type="stmt"/>
      <line num="352" count="2" type="stmt"/>
      <line num="353" count="2" type="stmt"/>
      <line num="354" count="2" type="stmt"/>
      <line num="355" count="2" type="stmt"/>
      <line num="356" count="2" type="stmt"/>
      <line num="357" count="2" type="stmt"/>
      <line num="358" count="2" type="stmt"/>
      <line num="359" count="2" type="stmt"/>
      <line num="360" count="2" type="stmt"/>
      <line num="361" count="2" type="stmt"/>
      <line num="362" count="2" type="stmt"/>
      <line num="363" count="2" type="stmt"/>
      <line num="364" count="2" type="stmt"/>
      <line num="365" count="2" type="stmt"/>
      <line num="366" count="2" type="stmt"/>
      <line num="367" count="2" type="stmt"/>
      <line num="368" count="2" type="stmt"/>
      <line num="369" count="2" type="stmt"/>
      <line num="370" count="2" type="stmt"/>
      <line num="371" count="2" type="stmt"/>
      <line num="372" count="2" type="stmt"/>
      <line num="373" count="2" type="stmt"/>
      <line num="374" count="2" type="stmt"/>
      <line num="375" count="2" type="stmt"/>
      <line num="376" count="2" type="stmt"/>
      <line num="377" count="2" type="stmt"/>
      <line num="378" count="2" type="stmt"/>
      <line num="379" count="2" type="stmt"/>
      <line num="380" count="2" type="stmt"/>
      <line num="381" count="2" type="stmt"/>
      <line num="382" count="2" type="stmt"/>
      <line num="383" count="2" type="stmt"/>
      <line num="384" count="2" type="stmt"/>
      <line num="385" count="2" type="stmt"/>
      <line num="386" count="2" type="stmt"/>
      <line num="387" count="2" type="stmt"/>
      <line num="388" count="2" type="stmt"/>
      <line num="389" count="2" type="stmt"/>
      <line num="390" count="2" type="stmt"/>
      <line num="391" count="2" type="stmt"/>
      <line num="392" count="2" type="stmt"/>
      <line num="393" count="2" type="stmt"/>
      <line num="394" count="2" type="stmt"/>
      <line num="395" count="2" type="stmt"/>
      <line num="396" count="2" type="stmt"/>
      <line num="397" count="2" type="stmt"/>
      <line num="398" count="2" type="stmt"/>
      <line num="399" count="2" type="stmt"/>
      <line num="400" count="2" type="stmt"/>
      <line num="401" count="2" type="stmt"/>
      <line num="402" count="2" type="stmt"/>
      <line num="403" count="2" type="stmt"/>
      <line num="404" count="2" type="stmt"/>
      <line num="405" count="2" type="stmt"/>
      <line num="406" count="2" type="stmt"/>
      <line num="407" count="2" type="stmt"/>
      <line num="408" count="2" type="stmt"/>
      <line num="409" count="2" type="stmt"/>
      <line num="410" count="2" type="stmt"/>
      <line num="411" count="2" type="stmt"/>
      <line num="412" count="2" type="stmt"/>
      <line num="413" count="2" type="stmt"/>
      <line num="414" count="2" type="stmt"/>
      <line num="415" count="2" type="stmt"/>
      <line num="416" count="2" type="stmt"/>
      <line num="417" count="2" type="stmt"/>
      <line num="418" count="2" type="stmt"/>
      <line num="419" count="2" type="stmt"/>
      <line num="420" count="2" type="stmt"/>
      <line num="421" count="2" type="stmt"/>
      <line num="422" count="2" type="stmt"/>
      <line num="423" count="2" type="stmt"/>
      <line num="424" count="2" type="stmt"/>
      <line num="425" count="2" type="stmt"/>
      <line num="426" count="2" type="stmt"/>
      <line num="427" count="2" type="stmt"/>
      <line num="428" count="2" type="stmt"/>
      <line num="429" count="2" type="stmt"/>
      <line num="430" count="2" type="stmt"/>
      <line num="431" count="2" type="stmt"/>
      <line num="432" count="2" type="stmt"/>
      <line num="433" count="2" type="stmt"/>
      <line num="434" count="2" type="stmt"/>
      <line num="435" count="2" type="stmt"/>
      <line num="436" count="2" type="stmt"/>
      <line num="437" count="2" type="stmt"/>
      <line num="438" count="2" type="stmt"/>
      <line num="439" count="2" type="stmt"/>
      <line num="440" count="2" type="stmt"/>
      <line num="441" count="2" type="stmt"/>
      <line num="442" count="2" type="stmt"/>
      <line num="443" count="2" type="stmt"/>
      <line num="444" count="2" type="stmt"/>
      <line num="445" count="2" type="stmt"/>
      <line num="446" count="2" type="stmt"/>
      <line num="447" count="2" type="stmt"/>
      <line num="448" count="2" type="stmt"/>
      <line num="449" count="2" type="stmt"/>
      <line num="450" count="2" type="stmt"/>
      <line num="451" count="2" type="stmt"/>
      <line num="452" count="2" type="stmt"/>
      <line num="453" count="2" type="stmt"/>
      <line num="454" count="2" type="stmt"/>
      <line num="455" count="2" type="stmt"/>
      <line num="456" count="2" type="stmt"/>
      <line num="457" count="2" type="stmt"/>
      <line num="458" count="2" type="stmt"/>
      <line num="459" count="2" type="stmt"/>
      <line num="460" count="2" type="stmt"/>
      <line num="461" count="2" type="stmt"/>
      <line num="462" count="2" type="stmt"/>
      <line num="463" count="2" type="stmt"/>
      <line num="464" count="2" type="stmt"/>
      <line num="465" count="2" type="stmt"/>
      <line num="466" count="2" type="stmt"/>
      <line num="467" count="2" type="stmt"/>
      <line num="468" count="2" type="stmt"/>
      <line num="469" count="2" type="stmt"/>
      <line num="470" count="2" type="stmt"/>
      <line num="471" count="2" type="stmt"/>
      <line num="472" count="2" type="stmt"/>
      <line num="473" count="2" type="stmt"/>
      <line num="474" count="2" type="stmt"/>
      <line num="475" count="2" type="stmt"/>
      <line num="476" count="2" type="stmt"/>
      <line num="477" count="2" type="stmt"/>
      <line num="478" count="2" type="stmt"/>
      <line num="479" count="2" type="stmt"/>
      <line num="480" count="2" type="stmt"/>
      <line num="481" count="2" type="stmt"/>
      <line num="482" count="2" type="stmt"/>
      <line num="483" count="2" type="stmt"/>
      <line num="484" count="2" type="stmt"/>
      <line num="485" count="2" type="stmt"/>
      <line num="486" count="2" type="stmt"/>
      <line num="487" count="2" type="stmt"/>
      <line num="488" count="2" type="stmt"/>
      <line num="489" count="2" type="stmt"/>
      <line num="490" count="2" type="stmt"/>
      <line num="491" count="2" type="stmt"/>
      <line num="492" count="2" type="stmt"/>
      <line num="493" count="2" type="stmt"/>
      <line num="494" count="2" type="stmt"/>
      <line num="495" count="2" type="stmt"/>
      <line num="496" count="2" type="stmt"/>
      <line num="497" count="2" type="stmt"/>
      <line num="498" count="2" type="stmt"/>
      <line num="499" count="2" type="stmt"/>
      <line num="500" count="2" type="stmt"/>
      <line num="501" count="2" type="stmt"/>
      <line num="502" count="2" type="stmt"/>
      <line num="503" count="2" type="stmt"/>
      <line num="504" count="2" type="stmt"/>
      <line num="505" count="2" type="stmt"/>
      <line num="506" count="2" type="stmt"/>
      <line num="507" count="2" type="stmt"/>
      <line num="508" count="2" type="stmt"/>
      <line num="509" count="2" type="stmt"/>
      <line num="510" count="2" type="stmt"/>
      <line num="511" count="2" type="stmt"/>
      <line num="512" count="2" type="stmt"/>
      <line num="513" count="2" type="stmt"/>
      <line num="514" count="2" type="stmt"/>
      <line num="515" count="2" type="stmt"/>
      <line num="516" count="2" type="stmt"/>
      <line num="517" count="2" type="stmt"/>
      <line num="518" count="2" type="stmt"/>
      <line num="519" count="2" type="stmt"/>
      <line num="520" count="2" type="stmt"/>
      <line num="521" count="2" type="stmt"/>
      <line num="522" count="2" type="stmt"/>
      <line num="523" count="2" type="stmt"/>
      <line num="524" count="2" type="stmt"/>
      <line num="525" count="2" type="stmt"/>
      <line num="526" count="2" type="stmt"/>
      <line num="527" count="2" type="stmt"/>
      <line num="528" count="2" type="stmt"/>
      <line num="529" count="2" type="stmt"/>
      <line num="530" count="2" type="stmt"/>
      <line num="531" count="2" type="stmt"/>
      <line num="532" count="2" type="stmt"/>
      <line num="533" count="2" type="stmt"/>
      <line num="534" count="2" type="stmt"/>
      <line num="535" count="2" type="stmt"/>
      <line num="536" count="2" type="stmt"/>
      <line num="537" count="2" type="stmt"/>
      <line num="538" count="2" type="stmt"/>
      <line num="539" count="2" type="stmt"/>
      <line num="540" count="2" type="stmt"/>
      <line num="541" count="2" type="stmt"/>
      <line num="542" count="2" type="stmt"/>
      <line num="543" count="2" type="stmt"/>
      <line num="544" count="2" type="stmt"/>
      <line num="545" count="2" type="stmt"/>
      <line num="546" count="2" type="stmt"/>
      <line num="547" count="2" type="stmt"/>
      <line num="548" count="2" type="stmt"/>
      <line num="549" count="2" type="stmt"/>
      <line num="550" count="2" type="stmt"/>
      <line num="551" count="2" type="stmt"/>
      <line num="552" count="2" type="stmt"/>
      <line num="553" count="2" type="stmt"/>
      <line num="554" count="2" type="stmt"/>
      <line num="555" count="2" type="stmt"/>
      <line num="556" count="2" type="stmt"/>
      <line num="557" count="2" type="stmt"/>
      <line num="558" count="2" type="stmt"/>
      <line num="559" count="2" type="stmt"/>
      <line num="560" count="2" type="stmt"/>
      <line num="561" count="2" type="stmt"/>
      <line num="562" count="2" type="stmt"/>
      <line num="563" count="2" type="stmt"/>
      <line num="564" count="2" type="stmt"/>
      <line num="565" count="2" type="stmt"/>
      <line num="566" count="2" type="stmt"/>
      <line num="567" count="2" type="stmt"/>
      <line num="568" count="2" type="stmt"/>
      <line num="569" count="2" type="stmt"/>
      <line num="570" count="2" type="stmt"/>
      <line num="571" count="2" type="stmt"/>
      <line num="572" count="2" type="stmt"/>
      <line num="573" count="2" type="stmt"/>
      <line num="574" count="2" type="stmt"/>
      <line num="575" count="2" type="stmt"/>
      <line num="576" count="2" type="stmt"/>
      <line num="577" count="2" type="stmt"/>
      <line num="578" count="2" type="stmt"/>
      <line num="579" count="2" type="stmt"/>
      <line num="580" count="2" type="stmt"/>
      <line num="581" count="2" type="stmt"/>
      <line num="582" count="2" type="stmt"/>
      <line num="583" count="2" type="stmt"/>
      <line num="584" count="2" type="stmt"/>
      <line num="585" count="2" type="stmt"/>
      <line num="586" count="2" type="stmt"/>
      <line num="587" count="2" type="stmt"/>
      <line num="588" count="2" type="stmt"/>
      <line num="589" count="2" type="stmt"/>
      <line num="590" count="2" type="stmt"/>
      <line num="591" count="2" type="stmt"/>
      <line num="592" count="2" type="stmt"/>
      <line num="593" count="2" type="stmt"/>
      <line num="594" count="2" type="stmt"/>
      <line num="595" count="2" type="stmt"/>
      <line num="596" count="2" type="stmt"/>
      <line num="597" count="2" type="stmt"/>
      <line num="598" count="2" type="stmt"/>
      <line num="599" count="2" type="stmt"/>
      <line num="600" count="2" type="stmt"/>
      <line num="601" count="2" type="stmt"/>
      <line num="602" count="2" type="stmt"/>
      <line num="603" count="2" type="stmt"/>
      <line num="604" count="2" type="stmt"/>
      <line num="605" count="2" type="stmt"/>
      <line num="606" count="2" type="stmt"/>
      <line num="607" count="2" type="stmt"/>
      <line num="608" count="2" type="stmt"/>
      <line num="609" count="2" type="stmt"/>
      <line num="610" count="2" type="stmt"/>
      <line num="611" count="2" type="stmt"/>
      <line num="612" count="2" type="stmt"/>
      <line num="613" count="2" type="stmt"/>
      <line num="614" count="2" type="stmt"/>
      <line num="615" count="2" type="stmt"/>
      <line num="616" count="2" type="stmt"/>
      <line num="617" count="2" type="stmt"/>
      <line num="618" count="2" type="stmt"/>
      <line num="619" count="2" type="stmt"/>
      <line num="620" count="2" type="stmt"/>
      <line num="621" count="2" type="stmt"/>
      <line num="622" count="2" type="stmt"/>
      <line num="623" count="2" type="stmt"/>
      <line num="624" count="2" type="stmt"/>
      <line num="625" count="2" type="stmt"/>
      <line num="626" count="2" type="stmt"/>
      <line num="627" count="2" type="stmt"/>
      <line num="628" count="2" type="stmt"/>
      <line num="629" count="2" type="stmt"/>
      <line num="630" count="2" type="stmt"/>
      <line num="631" count="2" type="stmt"/>
      <line num="632" count="2" type="stmt"/>
      <line num="633" count="2" type="stmt"/>
      <line num="634" count="2" type="stmt"/>
      <line num="635" count="2" type="stmt"/>
      <line num="636" count="2" type="stmt"/>
      <line num="637" count="2" type="stmt"/>
      <line num="638" count="2" type="stmt"/>
      <line num="639" count="2" type="stmt"/>
      <line num="640" count="2" type="stmt"/>
      <line num="641" count="2" type="stmt"/>
      <line num="642" count="2" type="stmt"/>
      <line num="643" count="2" type="stmt"/>
      <line num="644" count="2" type="stmt"/>
      <line num="645" count="2" type="stmt"/>
      <line num="646" count="2" type="stmt"/>
      <line num="647" count="2" type="stmt"/>
      <line num="648" count="2" type="stmt"/>
      <line num="649" count="2" type="stmt"/>
      <line num="650" count="2" type="stmt"/>
      <line num="651" count="2" type="stmt"/>
      <line num="652" count="2" type="stmt"/>
      <line num="653" count="2" type="stmt"/>
      <line num="654" count="2" type="stmt"/>
      <line num="655" count="2" type="stmt"/>
      <line num="656" count="2" type="stmt"/>
      <line num="657" count="2" type="stmt"/>
      <line num="658" count="2" type="stmt"/>
      <line num="659" count="2" type="stmt"/>
      <line num="660" count="2" type="stmt"/>
      <line num="661" count="2" type="stmt"/>
      <line num="662" count="2" type="stmt"/>
      <line num="663" count="2" type="stmt"/>
      <line num="664" count="2" type="stmt"/>
      <line num="665" count="2" type="stmt"/>
      <line num="666" count="2" type="stmt"/>
      <line num="667" count="2" type="stmt"/>
      <line num="668" count="2" type="stmt"/>
      <line num="669" count="2" type="stmt"/>
      <line num="670" count="2" type="stmt"/>
      <line num="671" count="2" type="stmt"/>
      <line num="672" count="2" type="stmt"/>
      <line num="673" count="2" type="stmt"/>
      <line num="674" count="2" type="stmt"/>
      <line num="675" count="2" type="stmt"/>
      <line num="676" count="2" type="stmt"/>
      <line num="677" count="2" type="stmt"/>
      <line num="678" count="2" type="stmt"/>
      <line num="679" count="2" type="stmt"/>
      <line num="680" count="2" type="stmt"/>
      <line num="681" count="2" type="stmt"/>
      <line num="682" count="2" type="stmt"/>
      <line num="683" count="2" type="stmt"/>
      <line num="684" count="2" type="stmt"/>
      <line num="685" count="2" type="stmt"/>
      <line num="686" count="2" type="stmt"/>
      <line num="687" count="2" type="stmt"/>
      <line num="688" count="2" type="stmt"/>
      <line num="689" count="2" type="stmt"/>
      <line num="690" count="2" type="stmt"/>
      <line num="691" count="2" type="stmt"/>
      <line num="692" count="2" type="stmt"/>
      <line num="693" count="2" type="stmt"/>
      <line num="694" count="2" type="stmt"/>
      <line num="695" count="2" type="stmt"/>
      <line num="696" count="2" type="stmt"/>
      <line num="697" count="2" type="stmt"/>
      <line num="698" count="2" type="stmt"/>
      <line num="699" count="2" type="stmt"/>
      <line num="700" count="2" type="stmt"/>
      <line num="701" count="2" type="stmt"/>
      <line num="702" count="2" type="stmt"/>
      <line num="703" count="2" type="stmt"/>
      <line num="704" count="2" type="stmt"/>
      <line num="705" count="2" type="stmt"/>
      <line num="706" count="2" type="stmt"/>
      <line num="707" count="2" type="stmt"/>
      <line num="708" count="2" type="stmt"/>
      <line num="709" count="2" type="stmt"/>
      <line num="710" count="2" type="stmt"/>
      <line num="711" count="2" type="stmt"/>
      <line num="712" count="2" type="stmt"/>
      <line num="713" count="2" type="stmt"/>
      <line num="714" count="2" type="stmt"/>
      <line num="715" count="2" type="stmt"/>
      <line num="716" count="2" type="stmt"/>
      <line num="717" count="2" type="stmt"/>
      <line num="718" count="2" type="stmt"/>
      <line num="719" count="2" type="stmt"/>
      <line num="720" count="2" type="stmt"/>
      <line num="721" count="2" type="stmt"/>
      <line num="722" count="2" type="stmt"/>
      <line num="723" count="2" type="stmt"/>
      <line num="724" count="2" type="stmt"/>
      <line num="725" count="2" type="stmt"/>
      <line num="726" count="2" type="stmt"/>
      <line num="727" count="2" type="stmt"/>
      <line num="728" count="2" type="stmt"/>
      <line num="729" count="2" type="stmt"/>
      <line num="730" count="2" type="stmt"/>
      <line num="731" count="2" type="stmt"/>
      <line num="732" count="2" type="stmt"/>
      <line num="733" count="2" type="stmt"/>
      <line num="734" count="2" type="stmt"/>
      <line num="735" count="2" type="stmt"/>
      <line num="736" count="2" type="stmt"/>
      <line num="737" count="2" type="stmt"/>
      <line num="738" count="2" type="stmt"/>
      <line num="739" count="2" type="stmt"/>
      <line num="740" count="2" type="stmt"/>
      <line num="741" count="2" type="stmt"/>
      <line num="742" count="2" type="stmt"/>
      <line num="743" count="2" type="stmt"/>
      <line num="744" count="2" type="stmt"/>
      <line num="745" count="2" type="stmt"/>
      <line num="746" count="2" type="stmt"/>
      <line num="747" count="2" type="stmt"/>
      <line num="748" count="2" type="stmt"/>
      <line num="749" count="2" type="stmt"/>
      <line num="750" count="2" type="stmt"/>
      <line num="751" count="2" type="stmt"/>
      <line num="752" count="2" type="stmt"/>
      <line num="753" count="2" type="stmt"/>
      <line num="754" count="2" type="stmt"/>
      <line num="755" count="2" type="stmt"/>
      <line num="756" count="2" type="stmt"/>
      <line num="757" count="2" type="stmt"/>
      <line num="758" count="2" type="stmt"/>
      <line num="759" count="2" type="stmt"/>
      <line num="760" count="2" type="stmt"/>
      <line num="761" count="2" type="stmt"/>
      <line num="762" count="2" type="stmt"/>
      <line num="763" count="2" type="stmt"/>
      <line num="764" count="2" type="stmt"/>
      <line num="765" count="2" type="stmt"/>
      <line num="766" count="2" type="stmt"/>
      <line num="767" count="2" type="stmt"/>
      <line num="768" count="2" type="stmt"/>
      <line num="769" count="2" type="stmt"/>
      <line num="770" count="2" type="stmt"/>
      <line num="771" count="2" type="stmt"/>
      <line num="772" count="2" type="stmt"/>
      <line num="773" count="2" type="stmt"/>
      <line num="774" count="2" type="stmt"/>
      <line num="775" count="2" type="stmt"/>
      <line num="776" count="2" type="stmt"/>
      <line num="777" count="2" type="stmt"/>
      <line num="778" count="2" type="stmt"/>
      <line num="779" count="2" type="stmt"/>
      <line num="780" count="2" type="stmt"/>
      <line num="781" count="2" type="stmt"/>
      <line num="782" count="2" type="stmt"/>
      <line num="783" count="2" type="stmt"/>
      <line num="784" count="2" type="stmt"/>
      <line num="785" count="2" type="stmt"/>
      <line num="786" count="2" type="stmt"/>
      <line num="787" count="2" type="stmt"/>
      <line num="788" count="2" type="stmt"/>
      <line num="789" count="2" type="stmt"/>
      <line num="790" count="2" type="stmt"/>
      <line num="791" count="2" type="stmt"/>
      <line num="792" count="2" type="stmt"/>
      <line num="793" count="2" type="stmt"/>
      <line num="794" count="2" type="stmt"/>
      <line num="795" count="2" type="stmt"/>
      <line num="796" count="2" type="stmt"/>
      <line num="797" count="2" type="stmt"/>
      <line num="798" count="2" type="stmt"/>
      <line num="799" count="2" type="stmt"/>
      <line num="800" count="2" type="stmt"/>
      <line num="801" count="2" type="stmt"/>
      <line num="802" count="2" type="stmt"/>
      <line num="803" count="2" type="stmt"/>
      <line num="804" count="2" type="stmt"/>
      <line num="805" count="2" type="stmt"/>
      <line num="806" count="2" type="stmt"/>
      <line num="807" count="2" type="stmt"/>
      <line num="808" count="2" type="stmt"/>
      <line num="809" count="2" type="stmt"/>
      <line num="810" count="2" type="stmt"/>
      <line num="811" count="2" type="stmt"/>
      <line num="812" count="2" type="stmt"/>
      <line num="813" count="2" type="stmt"/>
      <line num="814" count="2" type="stmt"/>
      <line num="815" count="2" type="stmt"/>
      <line num="816" count="2" type="stmt"/>
      <line num="817" count="2" type="stmt"/>
      <line num="818" count="0" type="stmt"/>
      <line num="819" count="1" type="stmt"/>
      <line num="820" count="1" type="stmt"/>
    </file>
  </project>
</coverage>
